100
undefined
[ 3,
  225,
  1,
  225,
  6,
  6,
  1100,
  1,
  238,
  225,
  104,
  0,
  101,
  71,
  150,
  224,
  101,
  -123,
  224,
  224,
  4,
  224,
  102,
  8,
  223,
  223,
  101,
  2,
  224,
  224,
  1,
  224,
  223,
  223,
  2,
  205,
  209,
  224,
  1001,
  224,
  -3403,
  224,
  4,
  224,
  1002,
  223,
  8,
  223,
  101,
  1,
  224,
  224,
  1,
  223,
  224,
  223,
  1101,
  55,
  24,
  224,
  1001,
  224,
  -79,
  224,
  4,
  224,
  1002,
  223,
  8,
  223,
  101,
  1,
  224,
  224,
  1,
  223,
  224,
  223,
  1,
  153,
  218,
  224,
  1001,
  224,
  -109,
  224,
  4,
  224,
  1002,
  223,
  8,
  223,
  101,
  5,
  224,
  224,
  1,
  224,
  223,
  223,
  ... 578 more items ] 1
